This is pdfTeX, Version 3.1415926-2.5-1.40.14 (MiKTeX 2.9) (preloaded format=pdflatex 2014.6.24)  26 FEB 2016 18:58
entering extended mode
**ijhcs2016paper.tex
(C:\Users\Elena\git\ijhcs2016\ijhcs2016paper.tex
LaTeX2e <2011/06/27>
Babel <v3.8m> and hyphenation patterns for english, afrikaans, ancientgreek, ar
abic, armenian, assamese, basque, bengali, bokmal, bulgarian, catalan, coptic, 
croatian, czech, danish, dutch, esperanto, estonian, farsi, finnish, french, ga
lician, german, german-x-2013-05-26, greek, gujarati, hindi, hungarian, iceland
ic, indonesian, interlingua, irish, italian, kannada, kurmanji, latin, latvian,
 lithuanian, malayalam, marathi, mongolian, mongolianlmc, monogreek, ngerman, n
german-x-2013-05-26, nynorsk, oriya, panjabi, pinyin, polish, portuguese, roman
ian, russian, sanskrit, serbian, slovak, slovenian, spanish, swedish, swissgerm
an, tamil, telugu, turkish, turkmen, ukenglish, ukrainian, uppersorbian, usengl
ishmax, welsh, loaded.
("C:\Program Files (x86)\MiKTeX 2.9\tex\latex\elsarticle\elsarticle.cls"
Document Class: elsarticle 2009/09/17, 1.2.0: Elsevier Ltd
\@bls=\dimen102
("C:\Program Files (x86)\MiKTeX 2.9\tex\latex\base\article.cls"
Document Class: article 2007/10/19 v1.4h Standard LaTeX document class
("C:\Program Files (x86)\MiKTeX 2.9\tex\latex\base\size10.clo"
File: size10.clo 2007/10/19 v1.4h Standard LaTeX file (size option)
)
\c@part=\count79
\c@section=\count80
\c@subsection=\count81
\c@subsubsection=\count82
\c@paragraph=\count83
\c@subparagraph=\count84
\c@figure=\count85
\c@table=\count86
\abovecaptionskip=\skip41
\belowcaptionskip=\skip42
\bibindent=\dimen103
)
("C:\Program Files (x86)\MiKTeX 2.9\tex\latex\graphics\graphicx.sty"
Package: graphicx 1999/02/16 v1.0f Enhanced LaTeX Graphics (DPC,SPQR)

("C:\Program Files (x86)\MiKTeX 2.9\tex\latex\graphics\keyval.sty"
Package: keyval 1999/03/16 v1.13 key=value parser (DPC)
\KV@toks@=\toks14
)
("C:\Program Files (x86)\MiKTeX 2.9\tex\latex\graphics\graphics.sty"
Package: graphics 2009/02/05 v1.0o Standard LaTeX Graphics (DPC,SPQR)

("C:\Program Files (x86)\MiKTeX 2.9\tex\latex\graphics\trig.sty"
Package: trig 1999/03/16 v1.09 sin cos tan (DPC)
)
("C:\Program Files (x86)\MiKTeX 2.9\tex\latex\00miktex\graphics.cfg"
File: graphics.cfg 2007/01/18 v1.5 graphics configuration of teTeX/TeXLive
)
Package graphics Info: Driver file: pdftex.def on input line 91.

("C:\Program Files (x86)\MiKTeX 2.9\tex\latex\pdftex-def\pdftex.def"
File: pdftex.def 2011/05/27 v0.06d Graphics/color for pdfTeX

("C:\Program Files (x86)\MiKTeX 2.9\tex\generic\oberdiek\infwarerr.sty"
Package: infwarerr 2010/04/08 v1.3 Providing info/warning/error messages (HO)
)
("C:\Program Files (x86)\MiKTeX 2.9\tex\generic\oberdiek\ltxcmds.sty"
Package: ltxcmds 2011/11/09 v1.22 LaTeX kernel commands for general use (HO)
)
\Gread@gobject=\count87
))
\Gin@req@height=\dimen104
\Gin@req@width=\dimen105
)
("C:\Program Files (x86)\MiKTeX 2.9\tex\latex\psnfss\pifont.sty"
Package: pifont 2005/04/12 PSNFSS-v9.2a Pi font support (SPQR) 
LaTeX Font Info:    Try loading font information for U+pzd on input line 63.

("C:\Program Files (x86)\MiKTeX 2.9\tex\latex\psnfss\upzd.fd"
File: upzd.fd 2001/06/04 font definitions for U/pzd.
)
LaTeX Font Info:    Try loading font information for U+psy on input line 64.

("C:\Program Files (x86)\MiKTeX 2.9\tex\latex\psnfss\upsy.fd"
File: upsy.fd 2001/06/04 font definitions for U/psy.
))
\c@tnote=\count88
\c@fnote=\count89
\c@cnote=\count90
\c@ead=\count91
\c@author=\count92
\@eadauthor=\toks15
\c@affn=\count93
\absbox=\box26
\keybox=\box27
\Columnwidth=\dimen106
\space@left=\dimen107
\els@boxa=\box28
\els@boxb=\box29
\leftMargin=\dimen108
\@enLab=\toks16
\@sep=\skip43
\@@sep=\skip44

("C:\Program Files (x86)\MiKTeX 2.9\tex\latex\natbib\natbib.sty"
Package: natbib 2010/09/13 8.31b (PWD, AO)
\bibhang=\skip45
\bibsep=\skip46
LaTeX Info: Redefining \cite on input line 694.
\c@NAT@ctr=\count94
)
\splwrite=\write3
)
("C:\Program Files (x86)\MiKTeX 2.9\tex\latex\lineno\lineno.sty"
Package: lineno 2005/11/02 line numbers on paragraphs v4.41
\linenopenalty=\count95
\output=\toks17
\linenoprevgraf=\count96
\linenumbersep=\dimen109
\linenumberwidth=\dimen110
\c@linenumber=\count97
\c@pagewiselinenumber=\count98
\c@LN@truepage=\count99
\c@internallinenumber=\count100
\c@internallinenumbers=\count101
\quotelinenumbersep=\dimen111
\bframerule=\dimen112
\bframesep=\dimen113
\bframebox=\box30
LaTeX Info: Redefining \\ on input line 3056.
)
("C:\Program Files (x86)\MiKTeX 2.9\tex\latex\hyperref\hyperref.sty"
Package: hyperref 2012/11/06 v6.83m Hypertext links for LaTeX

("C:\Program Files (x86)\MiKTeX 2.9\tex\generic\oberdiek\hobsub-hyperref.sty"
Package: hobsub-hyperref 2012/04/25 v1.12 Bundle oberdiek, subset hyperref (HO)


("C:\Program Files (x86)\MiKTeX 2.9\tex\generic\oberdiek\hobsub-generic.sty"
Package: hobsub-generic 2012/04/25 v1.12 Bundle oberdiek, subset generic (HO)
Package: hobsub 2012/04/25 v1.12 Construct package bundles (HO)
Package hobsub Info: Skipping package `infwarerr' (already loaded).
Package hobsub Info: Skipping package `ltxcmds' (already loaded).
Package: ifluatex 2010/03/01 v1.3 Provides the ifluatex switch (HO)
Package ifluatex Info: LuaTeX not detected.
Package: ifvtex 2010/03/01 v1.5 Detect VTeX and its facilities (HO)
Package ifvtex Info: VTeX not detected.
Package: intcalc 2007/09/27 v1.1 Expandable calculations with integers (HO)
Package: ifpdf 2011/01/30 v2.3 Provides the ifpdf switch (HO)
Package ifpdf Info: pdfTeX in PDF mode is detected.
Package: etexcmds 2011/02/16 v1.5 Avoid name clashes with e-TeX commands (HO)
Package etexcmds Info: Could not find \expanded.
(etexcmds)             That can mean that you are not using pdfTeX 1.50 or
(etexcmds)             that some package has redefined \expanded.
(etexcmds)             In the latter case, load this package earlier.
Package: kvsetkeys 2012/04/25 v1.16 Key value parser (HO)
Package: kvdefinekeys 2011/04/07 v1.3 Define keys (HO)
Package: pdftexcmds 2011/11/29 v0.20 Utility functions of pdfTeX for LuaTeX (HO
)
Package pdftexcmds Info: LuaTeX not detected.
Package pdftexcmds Info: \pdf@primitive is available.
Package pdftexcmds Info: \pdf@ifprimitive is available.
Package pdftexcmds Info: \pdfdraftmode found.
Package: pdfescape 2011/11/25 v1.13 Implements pdfTeX's escape features (HO)
Package: bigintcalc 2012/04/08 v1.3 Expandable calculations on big integers (HO
)
Package: bitset 2011/01/30 v1.1 Handle bit-vector datatype (HO)
Package: uniquecounter 2011/01/30 v1.2 Provide unlimited unique counter (HO)
)
Package hobsub Info: Skipping package `hobsub' (already loaded).
Package: letltxmacro 2010/09/02 v1.4 Let assignment for LaTeX macros (HO)
Package: hopatch 2011/06/24 v1.1 Wrapper for package hooks (HO)
Package: xcolor-patch 2011/01/30 xcolor patch
Package: atveryend 2011/06/30 v1.8 Hooks at the very end of document (HO)
Package atveryend Info: \enddocument detected (standard20110627).
Package: atbegshi 2011/10/05 v1.16 At begin shipout hook (HO)
Package: refcount 2011/10/16 v3.4 Data extraction from label references (HO)
Package: hycolor 2011/01/30 v1.7 Color options for hyperref/bookmark (HO)
)
("C:\Program Files (x86)\MiKTeX 2.9\tex\generic\ifxetex\ifxetex.sty"
Package: ifxetex 2010/09/12 v0.6 Provides ifxetex conditional
)
("C:\Program Files (x86)\MiKTeX 2.9\tex\latex\oberdiek\auxhook.sty"
Package: auxhook 2011/03/04 v1.3 Hooks for auxiliary files (HO)
)
("C:\Program Files (x86)\MiKTeX 2.9\tex\latex\oberdiek\kvoptions.sty"
Package: kvoptions 2011/06/30 v3.11 Key value format for package options (HO)
)
\@linkdim=\dimen114
\Hy@linkcounter=\count102
\Hy@pagecounter=\count103

("C:\Program Files (x86)\MiKTeX 2.9\tex\latex\hyperref\pd1enc.def"
File: pd1enc.def 2012/11/06 v6.83m Hyperref: PDFDocEncoding definition (HO)
)
\Hy@SavedSpaceFactor=\count104

("C:\Program Files (x86)\MiKTeX 2.9\tex\latex\00miktex\hyperref.cfg"
File: hyperref.cfg 2002/06/06 v1.2 hyperref configuration of TeXLive
)
Package hyperref Info: Hyper figures OFF on input line 4443.
Package hyperref Info: Link nesting OFF on input line 4448.
Package hyperref Info: Hyper index ON on input line 4451.
Package hyperref Info: Plain pages OFF on input line 4458.
Package hyperref Info: Backreferencing OFF on input line 4463.
Package hyperref Info: Implicit mode ON; LaTeX internals redefined.
Package hyperref Info: Bookmarks ON on input line 4688.
\c@Hy@tempcnt=\count105

("C:\Program Files (x86)\MiKTeX 2.9\tex\latex\url\url.sty"
\Urlmuskip=\muskip10
Package: url 2013/09/16  ver 3.4  Verb mode for urls, etc.
)
LaTeX Info: Redefining \url on input line 5041.
\XeTeXLinkMargin=\dimen115
\Fld@menulength=\count106
\Field@Width=\dimen116
\Fld@charsize=\dimen117
Package hyperref Info: Hyper figures OFF on input line 6295.
Package hyperref Info: Link nesting OFF on input line 6300.
Package hyperref Info: Hyper index ON on input line 6303.
Package hyperref Info: backreferencing OFF on input line 6310.
Package hyperref Info: Link coloring OFF on input line 6315.
Package hyperref Info: Link coloring with OCG OFF on input line 6320.
Package hyperref Info: PDF/A mode OFF on input line 6325.
LaTeX Info: Redefining \ref on input line 6365.
LaTeX Info: Redefining \pageref on input line 6369.
\Hy@abspage=\count107
\c@Item=\count108
\c@Hfootnote=\count109
)

Package hyperref Message: Driver (autodetected): hpdftex.

("C:\Program Files (x86)\MiKTeX 2.9\tex\latex\hyperref\hpdftex.def"
File: hpdftex.def 2012/11/06 v6.83m Hyperref driver for pdfTeX
\Fld@listcount=\count110
\c@bookmark@seq@number=\count111

("C:\Program Files (x86)\MiKTeX 2.9\tex\latex\oberdiek\rerunfilecheck.sty"
Package: rerunfilecheck 2011/04/15 v1.7 Rerun checks for auxiliary files (HO)
Package uniquecounter Info: New unique counter `rerunfilecheck' on input line 2
82.
)
\Hy@SectionHShift=\skip47
)
("C:\Program Files (x86)\MiKTeX 2.9\tex\latex\placeins\placeins.sty"
Package: placeins 2005/04/18  v 2.2
)
("C:\Program Files (x86)\MiKTeX 2.9\tex\latex\multirow\multirow.sty"
\bigstrutjot=\dimen118
)
No file ijhcs2016paper.aux.
LaTeX Font Info:    Checking defaults for OML/cmm/m/it on input line 45.
LaTeX Font Info:    ... okay on input line 45.
LaTeX Font Info:    Checking defaults for T1/cmr/m/n on input line 45.
LaTeX Font Info:    ... okay on input line 45.
LaTeX Font Info:    Checking defaults for OT1/cmr/m/n on input line 45.
LaTeX Font Info:    ... okay on input line 45.
LaTeX Font Info:    Checking defaults for OMS/cmsy/m/n on input line 45.
LaTeX Font Info:    ... okay on input line 45.
LaTeX Font Info:    Checking defaults for OMX/cmex/m/n on input line 45.
LaTeX Font Info:    ... okay on input line 45.
LaTeX Font Info:    Checking defaults for U/cmr/m/n on input line 45.
LaTeX Font Info:    ... okay on input line 45.
LaTeX Font Info:    Checking defaults for PD1/pdf/m/n on input line 45.
LaTeX Font Info:    ... okay on input line 45.
(C:\Users\Elena\AppData\Roaming\MiKTeX\2.9\tex\context\base\supp-pdf.mkii
[Loading MPS to PDF converter (version 2006.09.02).]
\scratchcounter=\count112
\scratchdimen=\dimen119
\scratchbox=\box31
\nofMPsegments=\count113
\nofMParguments=\count114
\everyMPshowfont=\toks18
\MPscratchCnt=\count115
\MPscratchDim=\dimen120
\MPnumerator=\count116
\makeMPintoPDFobject=\count117
\everyMPtoPDFconversion=\toks19
)
\AtBeginShipoutBox=\box32
Package hyperref Info: Link coloring OFF on input line 45.
 ("C:\Program Files (x86)\MiKTeX 2.9\tex\latex\hyperref\nameref.sty"
Package: nameref 2012/10/27 v2.43 Cross-referencing by name of section

("C:\Program Files (x86)\MiKTeX 2.9\tex\generic\oberdiek\gettitlestring.sty"
Package: gettitlestring 2010/12/03 v1.4 Cleanup title references (HO)
)
\c@section@level=\count118
)
LaTeX Info: Redefining \ref on input line 45.
LaTeX Info: Redefining \pageref on input line 45.
LaTeX Info: Redefining \nameref on input line 45.
\@outlinefile=\write4
LaTeX Font Info:    External font `cmex10' loaded for size
(Font)              <8> on input line 77.
LaTeX Font Info:    External font `cmex10' loaded for size
(Font)              <6> on input line 77.
LaTeX Font Info:    External font `cmex10' loaded for size
(Font)              <5> on input line 77.
LaTeX Font Info:    External font `cmex10' loaded for size
(Font)              <7> on input line 77.

[1


{C:/Users/Elena/AppData/Local/MiKTeX/2.9/pdftex/config/pdftex.map}]

Package natbib Warning: Citation `waterworth1991model' on page 2 undefined on i
nput line 85.


Package natbib Warning: Citation `foster2003serendipity' on page 2 undefined on
 input line 85.


Package natbib Warning: Citation `proper1999information' on page 2 undefined on
 input line 86.


Package natbib Warning: Citation `lindley2012s' on page 2 undefined on input li
ne 86.


Package natbib Warning: Citation `bates1986exploratory' on page 2 undefined on 
input line 86.


Package natbib Warning: Citation `conaway2010designing' on page 2 undefined on 
input line 86.


Package natbib Warning: Citation `marchionini2006exploratory' on page 2 undefin
ed on input line 86.


Package natbib Warning: Citation `proper1999information' on page 2 undefined on
 input line 88.


Package natbib Warning: Citation `kerne2004information' on page 2 undefined on 
input line 88.


Package natbib Warning: Citation `bates1986exploratory' on page 2 undefined on 
input line 88.


Package natbib Warning: Citation `choo2000information' on page 2 undefined on i
nput line 88.


Package natbib Warning: Citation `ellis1989behavioural' on page 2 undefined on 
input line 88.


Package natbib Warning: Citation `kellar2006goal' on page 2 undefined on input 
line 88.


Package natbib Warning: Citation `lindley2012s' on page 2 undefined on input li
ne 88.


Package natbib Warning: Citation `morrison2001taxonomic' on page 2 undefined on
 input line 88.


Package natbib Warning: Citation `sellen2002knowledge' on page 2 undefined on i
nput line 88.

[2]
Overfull \hbox (0.37564pt too wide) in paragraph at lines 94--95
[]\OT1/cmr/m/n/10 Given the com-plex-ity of Web-based in-for-ma-tion dis-cov-er
y and cu-ra-tion tasks,
 []


Package natbib Warning: Citation `wilson2000human' on page 3 undefined on input
 line 102.


Package natbib Warning: Citation `wilson2000human' on page 3 undefined on input
 line 109.


Package natbib Warning: Citation `kellar2006goal' on page 3 undefined on input 
line 109.


Package natbib Warning: Citation `beagrie2008digital' on page 3 undefined on in
put line 109.


Package natbib Warning: Citation `whittaker2011personal' on page 3 undefined on
 input line 109.


Package natbib Warning: Citation `ellis1989behavioural' on page 3 undefined on 
input line 111.


Package natbib Warning: Citation `ellis1993comparison' on page 3 undefined on i
nput line 111.


Package natbib Warning: Citation `ellis1997modelling' on page 3 undefined on in
put line 111.


Package natbib Warning: Citation `pirolli1999information' on page 3 undefined o
n input line 117.


Package natbib Warning: Citation `fu2007snif' on page 3 undefined on input line
 120.


Package natbib Warning: Citation `kitajima2000comprehension' on page 3 undefine
d on input line 120.


Package natbib Warning: Citation `pirolli2009elementary' on page 3 undefined on
 input line 120.


Package natbib Warning: Citation `fu2008microstructures' on page 3 undefined on
 input line 120.

[3]

Package natbib Warning: Citation `kerne2004information' on page 4 undefined on 
input line 124.


Package natbib Warning: Citation `bates2002toward' on page 4 undefined on input
 line 131.


Package natbib Warning: Citation `whittaker2011personal' on page 4 undefined on
 input line 131.

[4]

Package natbib Warning: Citation `kellar2006goal' on page 5 undefined on input 
line 138.


Package natbib Warning: Citation `kellar2007field' on page 5 undefined on input
 line 138.


Package natbib Warning: Citation `sellen2002knowledge' on page 5 undefined on i
nput line 138.


Package natbib Warning: Citation `ellis1989behavioural' on page 5 undefined on 
input line 140.


Package natbib Warning: Citation `ellis1993comparison' on page 5 undefined on i
nput line 140.


Package natbib Warning: Citation `ellis1997modelling' on page 5 undefined on in
put line 140.


Package natbib Warning: Citation `choo2000information' on page 5 undefined on i
nput line 140.

[5]

Package natbib Warning: Citation `proper1999information' on page 6 undefined on
 input line 143.


Package natbib Warning: Citation `morrison2001taxonomic' on page 6 undefined on
 input line 143.


Package natbib Warning: Citation `lindley2012s' on page 6 undefined on input li
ne 147.


Package natbib Warning: Citation `lindley2012s' on page 6 undefined on input li
ne 157.

[6] [7]

LaTeX Warning: Reference `table:tools' on page 8 undefined on input line 191.

[8]
LaTeX Font Info:    External font `cmex10' loaded for size
(Font)              <9> on input line 218.


Package natbib Warning: Citation `voyloshnikova2015' on page 9 undefined on inp
ut line 274.

[9] [10]

Package natbib Warning: Citation `voyloshnikova2014' on page 11 undefined on in
put line 297.


Package natbib Warning: Citation `kuutti1996activity' on page 11 undefined on i
nput line 297.


LaTeX Warning: Reference `fig:framework_overview' on page 11 undefined on input
 line 297.

<figures/framework_overview.pdf, id=80, 343.2825pt x 333.245pt>
File: figures/framework_overview.pdf Graphic file (type pdf)

<use figures/framework_overview.pdf>
Package pdftex.def Info: figures/framework_overview.pdf used on input line 303.

(pdftex.def)             Requested size: 345.0pt x 334.91202pt.
 [11] [12 <C:/Users/Elena/git/ijhcs2016/figures/framework_overview.pdf>]
Overfull \hbox (9.86165pt too wide) in paragraph at lines 321--326
[]\OT1/cmr/m/n/10 The na-ture of an in-for-ma-tion need pre-de-ter-mines whethe
r dis-cov-ery is serendip-
 []


Package natbib Warning: Citation `lindley2012s' on page 13 undefined on input l
ine 327.


Package natbib Warning: Citation `lindley2012s' on page 13 undefined on input l
ine 327.


Package natbib Warning: Citation `adar2008large' on page 13 undefined on input 
line 329.


Package natbib Warning: Citation `cockburn2003improving' on page 13 undefined o
n input line 329.


Package natbib Warning: Citation `tauscher1997people' on page 13 undefined on i
nput line 329.


Package natbib Warning: Citation `cockburn2001web' on page 13 undefined on inpu
t line 329.

[13]

Package natbib Warning: Citation `abrams1998information' on page 14 undefined o
n input line 338.


Package natbib Warning: Citation `lindley2012s' on page 14 undefined on input l
ine 342.


Package natbib Warning: Citation `kellar2006goal' on page 14 undefined on input
 line 342.


Package natbib Warning: Citation `kellar2006goal' on page 14 undefined on input
 line 342.


Package natbib Warning: Citation `estelles2010social' on page 14 undefined on i
nput line 349.


Package natbib Warning: Citation `oravec2002bookmarking' on page 14 undefined o
n input line 349.

[14]

LaTeX Warning: Reference `fig:enablers' on page 15 undefined on input line 361.


<figures/framework_enablers.pdf, id=122, 448.67625pt x 558.085pt>
File: figures/framework_enablers.pdf Graphic file (type pdf)

<use figures/framework_enablers.pdf>
Package pdftex.def Info: figures/framework_enablers.pdf used on input line 367.

(pdftex.def)             Requested size: 345.0pt x 429.1392pt.


Package natbib Warning: Citation `pirolli1999information' on page 15 undefined 
on input line 373.


LaTeX Warning: Reference `table:framework_navigation' on page 15 undefined on i
nput line 373.


Overfull \vbox (16.50002pt too high) detected at line 380
 []


Underfull \hbox (badness 10000) in paragraph at lines 384--385
[]\OT1/cmr/bx/n/9 How can de-scrip-tional
 []


Underfull \hbox (badness 1215) in paragraph at lines 388--389
\OT1/cmr/m/n/9 gest-ing top-ics of in-ter-est /
 []


Underfull \hbox (badness 3312) in paragraph at lines 390--390
[]\OT1/cmr/bx/n/9 How does the ap-pli-ca-
 []


Underfull \hbox (badness 7012) in paragraph at lines 390--391
[]\OT1/cmr/bx/n/9 How can op-por-tunis-tic
 []


Underfull \hbox (badness 10000) in paragraph at lines 391--392
[]\OT1/cmr/m/n/9 Personalized op-por-tunis-tic
 []


Overfull \hbox (18.75421pt too wide) in paragraph at lines 378--397
[][] 
 []

[15] [16 <C:/Users/Elena/git/ijhcs2016/figures/framework_enablers.pdf>]
[17]

Package natbib Warning: Citation `cockburn2003improving' on page 18 undefined o
n input line 411.


Package natbib Warning: Citation `waterworth1991model' on page 18 undefined on 
input line 418.


Package natbib Warning: Citation `levene2011introduction' on page 18 undefined 
on input line 422.

[18]

LaTeX Warning: Reference `table:framework_exploration' on page 19 undefined on 
input line 437.


Overfull \vbox (16.50002pt too high) detected at line 443
 []


Underfull \hbox (badness 4378) in paragraph at lines 447--447
\OT1/cmr/bx/n/9 cues of mul-ti-ple
 []


Underfull \hbox (badness 3312) in paragraph at lines 447--447
[]\OT1/cmr/bx/n/9 How does the ap-pli-ca-
 []


Underfull \hbox (badness 3312) in paragraph at lines 449--449
[]\OT1/cmr/bx/n/9 How does the ap-pli-ca-
 []


Underfull \hbox (badness 10000) in paragraph at lines 451--451
[]\OT1/cmr/bx/n/9 Spatial prox-i-mal
 []


Underfull \hbox (badness 4378) in paragraph at lines 451--451
\OT1/cmr/bx/n/9 cues of mul-ti-ple
 []


Underfull \hbox (badness 10000) in paragraph at lines 451--452
[]\OT1/cmr/bx/n/9 How can the use of
 []


Underfull \hbox (badness 10000) in paragraph at lines 451--452
\OT1/cmr/bx/n/9 spa-tial prox-i-mal cues
 []


Underfull \hbox (badness 6961) in paragraph at lines 451--452
\OT1/cmr/bx/n/9 be en-hanced to ef-fec-
 []


Underfull \hbox (badness 8151) in paragraph at lines 451--452
\OT1/cmr/bx/n/9 tively present mul-ti-ple
 []


Underfull \hbox (badness 10000) in paragraph at lines 453--453
[]\OT1/cmr/bx/n/9 Spatial prox-i-mal
 []


Underfull \hbox (badness 2635) in paragraph at lines 453--453
\OT1/cmr/bx/n/9 cues of a sin-gle
 []


Underfull \hbox (badness 10000) in paragraph at lines 453--454
[]\OT1/cmr/bx/n/9 How can the use of
 []


Underfull \hbox (badness 10000) in paragraph at lines 453--454
\OT1/cmr/bx/n/9 spa-tial prox-i-mal cues
 []


Underfull \hbox (badness 6961) in paragraph at lines 453--454
\OT1/cmr/bx/n/9 be en-hanced to ef-fec-
 []


Underfull \hbox (badness 2744) in paragraph at lines 454--454
[]\OT1/cmr/m/n/9 Spatial se-man-tic / Con-sis-
 []


Overfull \hbox (18.75421pt too wide) in paragraph at lines 441--458
[][] 
 []


Package natbib Warning: Citation `abrams1998information' on page 19 undefined o
n input line 462.

[19] [20]

Package natbib Warning: Citation `abrams1998information' on page 21 undefined o
n input line 466.


Package natbib Warning: Citation `norman2002design' on page 21 undefined on inp
ut line 466.


Package natbib Warning: Citation `beagrie2008digital' on page 21 undefined on i
nput line 473.


Package natbib Warning: Citation `whittaker2011personal' on page 21 undefined o
n input line 473.


LaTeX Warning: Reference `table:framework_curation' on page 21 undefined on inp
ut line 473.


Overfull \vbox (16.50002pt too high) detected at line 479
 []


Underfull \hbox (badness 3568) in paragraph at lines 481--482
[]\OT1/cmr/m/n/9 Cognitive sup-port, per-son-al-iza-
 []


Underfull \hbox (badness 10000) in paragraph at lines 491--491
[]\OT1/cmr/bx/n/9 Channel-
 []


Overfull \hbox (53.24579pt too wide) in paragraph at lines 477--495
[][] 
 []


Package natbib Warning: Citation `beagrie2008digital' on page 21 undefined on i
nput line 501.


Package natbib Warning: Citation `whittaker2011personal' on page 21 undefined o
n input line 501.


Package natbib Warning: Citation `beagrie2008digital' on page 21 undefined on i
nput line 503.


Package natbib Warning: Citation `whittaker2011personal' on page 21 undefined o
n input line 503.


Package natbib Warning: Citation `gruber2007ontology' on page 21 undefined on i
nput line 503.

[21] [22]

Package natbib Warning: Citation `abrams1998information' on page 23 undefined o
n input line 506.


Package natbib Warning: Citation `whittaker2011personal' on page 23 undefined o
n input line 506.


Package natbib Warning: Citation `lindley2012s' on page 23 undefined on input l
ine 506.


Package natbib Warning: Citation `abrams1998information' on page 23 undefined o
n input line 508.


Overfull \hbox (12.99052pt too wide) in paragraph at lines 506--514
\OT1/cmtt/m/n/10 resources \OT1/cmr/m/n/10 sig-ni-fies book-mark-ing other Web 
pages within an ap-pli-ca-tion. \OT1/cmtt/m/n/10 External
 []


Package natbib Warning: Citation `beagrie2008digital' on page 23 undefined on i
nput line 516.


Package natbib Warning: Citation `whittaker2011personal' on page 23 undefined o
n input line 516.


Package natbib Warning: Citation `beagrie2008digital' on page 23 undefined on i
nput line 524.

[23]

Package natbib Warning: Citation `java2007feeds' on page 24 undefined on input 
line 532.


Package natbib Warning: Citation `millen2005social' on page 24 undefined on inp
ut line 534.

[24]

LaTeX Warning: Reference `table:framework_navigation' on page 25 undefined on i
nput line 553.


Overfull \hbox (7.69446pt too wide) in paragraph at lines 557--558
[]\OT1/cmr/m/n/10 For op-por-tunis-tic nav-i-ga-tion, Web tools some-times al-l
ow users to \OT1/cmtt/m/n/10 personalize
 []

[25]

LaTeX Warning: Reference `table:framework_curation' on page 26 undefined on inp
ut line 573.


Package natbib Warning: Citation `millen2005social' on page 26 undefined on inp
ut line 581.

[26]

Package natbib Warning: Citation `voyloshnikova2015' on page 27 undefined on in
put line 590.


Package natbib Warning: Citation `gilbert2013need' on page 27 undefined on inpu
t line 592.


Package natbib Warning: Citation `zarro2012pinterest' on page 27 undefined on i
nput line 592.


Package natbib Warning: Citation `ottoni2013ladies' on page 27 undefined on inp
ut line 592.

[27]
Overfull \hbox (5.87897pt too wide) in paragraph at lines 596--597
\OT1/cmr/m/n/10 system-regulated mech-a-nisms. Al-though an ex-plicit \OT1/cmtt
/m/n/10 opportunistic navigation
 []


Overfull \hbox (7.32161pt too wide) in paragraph at lines 606--607
\OT1/cmr/m/n/10 and \OT1/cmtt/m/n/10 internal preservation of internal and exte
rnal resources\OT1/cmr/m/n/10 . All user
 []


Overfull \hbox (3.0184pt too wide) in paragraph at lines 606--607
\OT1/cmr/m/n/10 in-for-ma-tion col-lect-ing ac-tions are \OT1/cmtt/m/n/10 autom
atically \OT1/cmr/m/n/10 pre-served and dis-played. Users
 []


Overfull \hbox (1.0456pt too wide) in paragraph at lines 606--607
\OT1/cmtt/m/n/10 subscribing \OT1/cmr/m/n/10 to users or in-di-vid-ual `pin-boa
rds'. The sys-tem also \OT1/cmtt/m/n/10 automatically
 []

[28] [29]

Package natbib Warning: Citation `voyloshnikova2015' on page 30 undefined on in
put line 629.

[30]
No file ijhcs2016paper.bbl.

Package natbib Warning: There were undefined citations.

Package atveryend Info: Empty hook `BeforeClearDocument' on input line 644.
[31]
Package atveryend Info: Empty hook `AfterLastShipout' on input line 644.
 (C:\Users\Elena\git\ijhcs2016\ijhcs2016paper.aux)
Package atveryend Info: Executing hook `AtVeryEndDocument' on input line 644.
Package atveryend Info: Executing hook `AtEndAfterFileList' on input line 644.


Package rerunfilecheck Warning: File `ijhcs2016paper.out' has changed.
(rerunfilecheck)                Rerun to get outlines right
(rerunfilecheck)                or use package `bookmark'.

Package rerunfilecheck Info: Checksums for `ijhcs2016paper.out':
(rerunfilecheck)             Before: <no file>
(rerunfilecheck)             After:  948616AD63E611127F07D424FDAEFA27;2246.

LaTeX Warning: There were undefined references.


LaTeX Warning: Label(s) may have changed. Rerun to get cross-references right.

Package atveryend Info: Empty hook `AtVeryVeryEnd' on input line 644.
 )
(\end occurred inside a group at level 1)

### simple group (level 1) entered at line 359 ({)
### bottom level 
Here is how much of TeX's memory you used:
 5896 strings out of 493921
 85860 string characters out of 3144876
 174491 words of memory out of 3000000
 9077 multiletter control sequences out of 15000+200000
 9853 words of font info for 34 fonts, out of 3000000 for 9000
 841 hyphenation exceptions out of 8191
 34i,10n,30p,1147b,463s stack positions out of 5000i,500n,10000p,200000b,50000s
<C:/Program Files (x86)/MiKTeX 2.9/fonts/type1/public/amsfonts/
cm/cmbx10.pfb><C:/Program Files (x86)/MiKTeX 2.9/fonts/type1/public/amsfonts/cm
/cmbx9.pfb><C:/Program Files (x86)/MiKTeX 2.9/fonts/type1/public/amsfonts/cm/cm
bxti10.pfb><C:/Program Files (x86)/MiKTeX 2.9/fonts/type1/public/amsfonts/cm/cm
r10.pfb><C:/Program Files (x86)/MiKTeX 2.9/fonts/type1/public/amsfonts/cm/cmr12
.pfb><C:/Program Files (x86)/MiKTeX 2.9/fonts/type1/public/amsfonts/cm/cmr6.pfb
><C:/Program Files (x86)/MiKTeX 2.9/fonts/type1/public/amsfonts/cm/cmr7.pfb><C:
/Program Files (x86)/MiKTeX 2.9/fonts/type1/public/amsfonts/cm/cmr8.pfb><C:/Pro
gram Files (x86)/MiKTeX 2.9/fonts/type1/public/amsfonts/cm/cmr9.pfb><C:/Program
 Files (x86)/MiKTeX 2.9/fonts/type1/public/amsfonts/cm/cmss8.pfb><C:/Program Fi
les (x86)/MiKTeX 2.9/fonts/type1/public/amsfonts/cm/cmsy6.pfb><C:/Program Files
 (x86)/MiKTeX 2.9/fonts/type1/public/amsfonts/cm/cmti10.pfb><C:/Program Files (
x86)/MiKTeX 2.9/fonts/type1/public/amsfonts/cm/cmti7.pfb><C:/Program Files (x86
)/MiKTeX 2.9/fonts/type1/public/amsfonts/cm/cmti8.pfb><C:/Program Files (x86)/M
iKTeX 2.9/fonts/type1/public/amsfonts/cm/cmtt10.pfb>
Output written on ijhcs2016paper.pdf (31 pages, 383895 bytes).
PDF statistics:
 289 PDF objects out of 1000 (max. 8388607)
 71 named destinations out of 1000 (max. 500000)
 11 words of extra memory for PDF output out of 10000 (max. 10000000)

