\BOOKMARK [1][-]{section.1}{Introduction}{}% 1
\BOOKMARK [1][-]{section.2}{Web-based Information Discovery and Curation}{}% 2
\BOOKMARK [2][-]{subsection.2.1}{Information Behavior}{section.2}% 3
\BOOKMARK [3][-]{subsubsection.2.1.1}{Information Seeking Models}{subsection.2.1}% 4
\BOOKMARK [3][-]{subsubsection.2.1.2}{Information Foraging}{subsection.2.1}% 5
\BOOKMARK [3][-]{subsubsection.2.1.3}{Information Discovery}{subsection.2.1}% 6
\BOOKMARK [3][-]{subsubsection.2.1.4}{Digital Curation}{subsection.2.1}% 7
\BOOKMARK [2][-]{subsection.2.2}{Web Tasks and Modes of Web Use}{section.2}% 8
\BOOKMARK [1][-]{section.3}{Methodology}{}% 9
\BOOKMARK [2][-]{subsection.3.1}{Research Questions and Objective}{section.3}% 10
\BOOKMARK [2][-]{subsection.3.2}{Literature Review}{section.3}% 11
\BOOKMARK [2][-]{subsection.3.3}{Building and Refining the Conceptual Framework}{section.3}% 12
\BOOKMARK [2][-]{subsection.3.4}{Framework Validation}{section.3}% 13
\BOOKMARK [2][-]{subsection.3.5}{Limitations}{section.3}% 14
\BOOKMARK [1][-]{section.4}{A Conceptual Framework for Information Discovery and Curation on the Web}{}% 15
\BOOKMARK [2][-]{subsection.4.1}{Motives Behind Information Discovery and Curation}{section.4}% 16
\BOOKMARK [3][-]{subsubsection.4.1.1}{Motive: Closing a Knowledge Gap}{subsection.4.1}% 17
\BOOKMARK [3][-]{subsubsection.4.1.2}{Motive: Supporting Future Use and Reaccess}{subsection.4.1}% 18
\BOOKMARK [3][-]{subsubsection.4.1.3}{Motive: Improving Collections}{subsection.4.1}% 19
\BOOKMARK [3][-]{subsubsection.4.1.4}{Motive: Facilitating Communication}{subsection.4.1}% 20
\BOOKMARK [2][-]{subsection.4.2}{Discovery and Curation Activities}{section.4}% 21
\BOOKMARK [3][-]{subsubsection.4.2.1}{Action: Navigation in Discovery \(Following Information Scent\)}{subsection.4.2}% 22
\BOOKMARK [3][-]{subsubsection.4.2.2}{Action: Exploration in Discovery \(Examining Information Patches\)}{subsection.4.2}% 23
\BOOKMARK [2][-]{subsection.4.3}{Activity: Curation}{section.4}% 24
\BOOKMARK [2][-]{subsection.4.4}{Cognitive Support: Enhancing the Discovery and Curation Experience}{section.4}% 25
\BOOKMARK [1][-]{section.5}{Framework in Action}{}% 26
\BOOKMARK [2][-]{subsection.5.1}{Framework Use Demonstration}{section.5}% 27
\BOOKMARK [2][-]{subsection.5.2}{Evaluating a Web Portal}{section.5}% 28
\BOOKMARK [2][-]{subsection.5.3}{Designing a Place Discovery Application}{section.5}% 29
\BOOKMARK [1][-]{section.6}{Research and Design Implications}{}% 30
\BOOKMARK [1][-]{section.7}{Future Work and Conclusions}{}% 31
